<?xml version='1.0' encoding='UTF-8'?>
<testsuite hostname="EPRUPETW0822" name="LoadHotelsSpec" tests="3" errors="0" failures="0" skipped="0" time="0.054" timestamp="2021-06-04T16:23:03">
                     <properties>
      <property name="awt.toolkit" value="sun.awt.windows.WToolkit"/><property name="java.specification.version" value="11"/><property name="sun.cpu.isalist" value="amd64"/><property name="sun.jnu.encoding" value="Cp1251"/><property name="sun.arch.data.model" value="64"/><property name="java.vendor.url" value="http://java.oracle.com/"/><property name="sun.boot.library.path" value="C:\Program Files\Java\jdk-11.0.4\bin"/><property name="sun.java.command" value="C:\Users\Nikita_Zaletov\.IdeaIC2018.3\config\plugins\Scala\launcher\sbt-launch.jar --addPluginSbtFile=C:\Users\Nikita_Zaletov\AppData\Local\Temp\idea.sbt idea-shell"/><property name="jdk.debug" value="release"/><property name="sun.stderr.encoding" value="cp866"/><property name="java.specification.vendor" value="Oracle Corporation"/><property name="java.version.date" value="2019-07-16"/><property name="java.home" value="C:\Program Files\Java\jdk-11.0.4"/><property name="file.separator" value="\"/><property name="java.vm.compressedOopsMode" value="32-bit"/><property name="line.separator" value="
"/><property name="sun.stdout.encoding" value="cp866"/><property name="java.specification.name" value="Java Platform API Specification"/><property name="java.vm.specification.vendor" value="Oracle Corporation"/><property name="user.script" value=""/><property name="sun.management.compiler" value="HotSpot 64-Bit Tiered Compilers"/><property name="java.runtime.version" value="11.0.4+10-LTS"/><property name="user.name" value="Nikita_Zaletov"/><property name="log4j.ignoreTCL" value="true"/><property name="file.encoding" value="UTF-8"/><property name="jnidispatch.path" value="C:\Users\NIKITA~1\AppData\Local\Temp\jna--1631846462\jna15199167873348952159.dll"/><property name="java.vendor.version" value="18.9"/><property name="jna.loaded" value="true"/><property name="java.io.tmpdir" value="C:\Users\NIKITA~1\AppData\Local\Temp\"/><property name="java.version" value="11.0.4"/><property name="java.vm.specification.name" value="Java Virtual Machine Specification"/><property name="java.awt.printerjob" value="sun.awt.windows.WPrinterJob"/><property name="sun.os.patch.level" value=""/><property name="java.library.path" value="C:\Program Files\Java\jdk-11.0.4\bin;C:\WINDOWS\Sun\Java\bin;C:\WINDOWS\system32;C:\WINDOWS;C:\Program Files (x86)\Common Files\Oracle\Java\javapath;C:\WINDOWS\system32;C:\WINDOWS;C:\WINDOWS\System32\Wbem;C:\WINDOWS\System32\WindowsPowerShell\v1.0\;C:\WINDOWS\System32\OpenSSH\;C:\Program Files\Git\cmd;C:\bin;C:\ProgramData\chocolatey\bin;C:\Program Files\Amazon\AWSCLI\bin\;C:\Program Files\nodejs\;C:\Program Files\PuTTY\;C:\Program Files\TortoiseSVN\bin;C:\Program Files\apache-maven-3.6.3\bin;;C:\Program Files\Docker\Docker\resources\bin;C:\ProgramData\DockerDesktop\version-bin;C:\Users\Nikita_Zaletov\AppData\Local\Programs\Python\Python37-32\Scripts\;C:\Users\Nikita_Zaletov\AppData\Local\Programs\Python\Python37-32\;C:\Users\Nikita_Zaletov\AppData\Local\Microsoft\WindowsApps;C:\Program Files\Git\usr\bin;C:\Users\Nikita_Zaletov\AppData\Roaming\npm;C:\Program Files\PostgreSQL\13\bin\;;C:\Users\Nikita_Zaletov\AppData\Local\Programs\Microsoft VS Code\bin;."/><property name="java.vendor" value="Oracle Corporation"/><property name="sun.io.unicode.encoding" value="UnicodeLittle"/><property name="sun.desktop" value="windows"/><property name="java.class.path" value="C:\Users\Nikita_Zaletov\.IdeaIC2018.3\config\plugins\Scala\launcher\sbt-launch.jar"/><property name="java.vm.vendor" value="Oracle Corporation"/><property name="user.variant" value=""/><property name="jline.shutdownhook" value="false"/><property name="user.timezone" value="Europe/Moscow"/><property name="os.name" value="Windows 10"/><property name="java.vm.specification.version" value="11"/><property name="sun.java.launcher" value="SUN_STANDARD"/><property name="user.country" value="US"/><property name="sun.cpu.endian" value="little"/><property name="user.home" value="C:\Users\Nikita_Zaletov"/><property name="user.language" value="en"/><property name="swoval.tmpdir" value="C:\Users\Nikita_Zaletov\.sbt\1.0"/><property name="java.awt.graphicsenv" value="sun.awt.Win32GraphicsEnvironment"/><property name="jline.esc.timeout" value="0"/><property name="path.separator" value=";"/><property name="os.version" value="10.0"/><property name="jna.nosys" value="true"/><property name="java.runtime.name" value="Java(TM) SE Runtime Environment"/><property name="java.vm.name" value="Java HotSpot(TM) 64-Bit Server VM"/><property name="java.vendor.url.bug" value="http://bugreport.java.com/bugreport/"/><property name="user.dir" value="C:\git\iii\spark-hw-batch"/><property name="os.arch" value="amd64"/><property name="idea.managed" value="true"/><property name="java.vm.info" value="mixed mode"/><property name="java.vm.version" value="11.0.4+10-LTS"/><property name="java.class.version" value="55.0"/>
    </properties>
                     <testcase classname="LoadHotelsSpec" name="Visit days should return dates range from checkin to checkout - 1" time="0.053">
                                                 
                                               </testcase><testcase classname="LoadHotelsSpec" name="Visit days should return empty list if checkin = checkout" time="0.0">
                                                 
                                               </testcase><testcase classname="LoadHotelsSpec" name="Visit days should return empty list if checkout &lt; checkin" time="0.001">
                                                 
                                               </testcase>
                     <system-out><![CDATA[]]></system-out>
                     <system-err><![CDATA[]]></system-err>
                   </testsuite>